This is pdfTeX, Version 3.141592653-2.6-1.40.25 (MiKTeX 23.10) (preloaded format=pdftex 2024.7.12)  12 JUL 2024 08:49
entering extended mode
 restricted \write18 enabled.
 %&-line parsing enabled.
**./walkthrough.tex
(walkthrough.tex
! Undefined control sequence.
l.1 \documentclass
                  [11pt,a4paper]{article}
? 
! Undefined control sequence.
l.2 \usepackage
               [margin=2cm, top=3cm, includefoot]{geometry}
? 
! Undefined control sequence.
l.4 \usepackage
               [utf8]{inputenc}
? a
Type <return> to proceed, S to scroll future error messages,
R to run without stopping, Q to run quietly,
I to insert something, E to edit your file,
1 or ... or 9 to ignore the next 1 to 9 tokens of input,
H for help, X to quit.
? 
! Undefined control sequence.
l.5 \usepackage
               [spanish]{babel}
? 
! Undefined control sequence.
l.6 \usepackage
               [parfill]{parskip}
? 
! Undefined control sequence.
l.7 \usepackage
               [hidelinks]{hyperref}
? 
! Undefined control sequence.
l.8 \usepackage
               {fancyvrb}
? 
! Undefined control sequence.
l.9 \usepackage
               {listings}
? 
! Undefined control sequence.
l.10 \usepackage
                {xcolor}
? 
! Undefined control sequence.
l.11 \usepackage
                {graphicx}
? 
! Undefined control sequence.
l.12 \usepackage
                {fancyhdr}
? 
! Undefined control sequence.
l.14 \definecolor
                 {codegreen}{rgb}{0,0.6,0}
? 
! Undefined control sequence.
l.15 \definecolor
                 {codegray}{rgb}{0.5,0.5,0.5}
? 
! Undefined control sequence.
l.16 \definecolor
                 {codepurple}{rgb}{0.58,0,0.82}
? 
! Undefined control sequence.
l.17 \definecolor
                 {backcolour}{rgb}{0.95,0.95,0.92}
? 
! Undefined control sequence.
l.18 \definecolor
                 {background}{HTML}{dbdbdb}
? 
! Undefined control sequence.
l.20 \lstdefinestyle
                    {mystyle}{
? 
! Undefined control sequence.
l.21     backgroundcolor=\color
                               {backcolour},
? 
! Undefined control sequence.
l.22     commentstyle=\color
                            {codegreen},
? 
! Undefined control sequence.
l.23     keywordstyle=\color
                            {magenta},
? 
! Undefined control sequence.
l.24     numberstyle=\tiny
                          \color{codegray},
? 
! Undefined control sequence.
l.24     numberstyle=\tiny\color
                                {codegray},
? 
! Undefined control sequence.
l.25     stringstyle=\color
                           {codepurple},
? 
! Undefined control sequence.
l.26     basicstyle=\ttfamily
                             \footnotesize,
? 
! Undefined control sequence.
l.26     basicstyle=\ttfamily\footnotesize
                                          ,
? 

Overfull \hbox (41.32938pt too wide) in paragraph at lines 20--38
[]\tenrm mystyle back-ground-color=backcolour, com-mentstyle=codegreen, key-wor
d-style=magenta, num-ber-style=codegray,|

\hbox(6.94444+1.94444)x469.75499, glue set - 1.0
.\hbox(0.0+0.0)x20.0
.\tenrm m
.\kern-0.27779
.\tenrm y
.\tenrm s
.etc.


Overfull \hbox (17.63487pt too wide) in paragraph at lines 20--38
\tenrm stringstyle=codepurple, ba-sic-style=, breakatwhites-pace=false, break-l
ines=true, cap-tion-pos=b, keepspaces=true,|

\hbox(6.94444+1.94444)x469.75499, glue set - 1.0
.\tenrm s
.\tenrm t
.\tenrm r
.\tenrm i
.\tenrm n
.etc.

! Undefined control sequence.
l.39 \lstset
            {style=mystyle}
? 
! Undefined control sequence.
l.40 \newcommand
                {\enterpriselogo}{images/colnex.png}
? 
! Undefined control sequence.
l.40 \newcommand{\enterpriselogo
                                }{images/colnex.png}
? 
! Undefined control sequence.
l.42 \addto
           \captionsspanish{\renewcommand{\contentsname}{√çndice de Contenid...

? 
! Undefined control sequence.
l.42 \addto\captionsspanish
                           {\renewcommand{\contentsname}{√çndice de Contenid...

? 
! Undefined control sequence.
l.42 \addto\captionsspanish{\renewcommand
                                         {\contentsname}{√çndice de Contenid...

? 
! Undefined control sequence.
l.42 ...aptionsspanish{\renewcommand{\contentsname
                                                  }{√çndice de Contenidos}}
? 
Missing character: There is no √ in font cmr10!
Missing character: There is no ç in font cmr10!
! Undefined control sequence.
l.43 \setlength
               {\headheight}{50pt}
? 
! Undefined control sequence.
l.43 \setlength{\headheight
                           }{50pt}
? 
! Undefined control sequence.
l.44 \pagestyle
               {fancy}
? 
! Undefined control sequence.
l.45 \fancyhf
             {}
? 
! Undefined control sequence.
l.46 \rhead
           {\includegraphics[width=3cm]{\enterpriselogo}}
? 
! Undefined control sequence.
l.46 \rhead{\includegraphics
                            [width=3cm]{\enterpriselogo}}
? 
! Undefined control sequence.
l.46 ...includegraphics[width=3cm]{\enterpriselogo
                                                  }}
? 
! Undefined control sequence.
l.47 \renewcommand
                  {\headrule}{\hbox to\headwidth{\color{background}\leaders\...

? 
! Undefined control sequence.
l.47 \renewcommand{\headrule
                            }{\hbox to\headwidth{\color{background}\leaders\...

? 
! Undefined control sequence.
l.47 \renewcommand{\headrule}{\hbox to\headwidth
                                                {\color{background}\leaders\...

? 
! Missing number, treated as zero.
<to be read again> 
                   {
l.47 \renewcommand{\headrule}{\hbox to\headwidth{
                                                 \color{background}\leaders\...

? 
! Illegal unit of measure (pt inserted).
<to be read again> 
                   {
l.47 \renewcommand{\headrule}{\hbox to\headwidth{
                                                 \color{background}\leaders\...

? 
! Undefined control sequence.
l.47 ...mmand{\headrule}{\hbox to\headwidth{\color
                                                  {background}\leaders\hrule...

? 
! Undefined control sequence.
l.47 ...round}\leaders\hrule height \headrulewidth
                                                  \hfill}}
? 
! Missing number, treated as zero.
<to be read again> 
                   \hfill 
l.47 ...\leaders\hrule height \headrulewidth\hfill
                                                  }}
? 
! Illegal unit of measure (pt inserted).
<to be read again> 
                   \hfill 
l.47 ...\leaders\hrule height \headrulewidth\hfill
                                                  }}
? 

Overfull \hbox (50.58347pt too wide) detected at line 47
\tenrm background |

\hbox(6.94444+1.94444)x0.0
.\tenrm b
.\tenrm a
.\tenrm c
.\kern-0.27779
.\tenrm k
.etc.

! Undefined control sequence.
l.49 \begin
           {document}
? 
! Undefined control sequence.
l.52 \begin
           {titlepage}
? 
! Undefined control sequence.
l.54     \includegraphics
                         [width=0.4\textwidth]{\enterpriselogo}
? 
! Missing number, treated as zero.
<to be read again> 
                   [
l.54     \includegraphics[
                          width=0.4\textwidth]{\enterpriselogo}
? 
! Illegal unit of measure (pt inserted).
<to be read again> 
                   [
l.54     \includegraphics[
                          width=0.4\textwidth]{\enterpriselogo}
? 
! Undefined control sequence.
l.54     \includegraphics[width=0.4\textwidth
                                             ]{\enterpriselogo}
? 
! Undefined control sequence.
l.54 ...phics[width=0.4\textwidth]{\enterpriselogo
                                                  }
? 
! Undefined control sequence.
l.57     {\LARGE
                \bfseries Walkthrough}
? 
! Undefined control sequence.
l.57     {\LARGE\bfseries
                          Walkthrough}
? 
! Undefined control sequence.
l.58     \par\vspace
                    {0.5cm}
? 
! Undefined control sequence.
l.59     {\Large
                \bfseries Montaje del servicio de Front-End con Docker}
? 
! Undefined control sequence.
l.59     {\Large\bfseries
                          Montaje del servicio de Front-End con Docker}
? 
! Undefined control sequence.
l.61     \begin
               {flushright}
? 
! Undefined control sequence.
l.62         {\large
                     {\bfseries Fecha de Creaci√≥n:} 2024/02/21}\par\vspace{...

? 
! Undefined control sequence.
l.62         {\large {\bfseries
                                Fecha de Creaci√≥n:} 2024/02/21}\par\vspace{...

? 
Missing character: There is no √ in font cmr10!
Missing character: There is no ≥ in font cmr10!
! Undefined control sequence.
l.62 ...echa de Creaci√≥n:} 2024/02/21}\par\vspace
                                                  {0.2cm}
? 
! Undefined control sequence.
l.63         {\large
                     {\bfseries √öltima Actualizaci√≥n:} 2024/03/01}\par\vsp...

? 
! Undefined control sequence.
l.63         {\large {\bfseries
                                √öltima Actualizaci√≥n:} 2024/03/01}\par\vsp...

? 
Missing character: There is no √ in font cmr10!
Missing character: There is no ö in font cmr10!
Missing character: There is no √ in font cmr10!
Missing character: There is no ≥ in font cmr10!
! Undefined control sequence.
l.63 ...ma Actualizaci√≥n:} 2024/03/01}\par\vspace
                                                  {0.3cm}
? 
! Undefined control sequence.
l.64         {\large
                     {\bfseries Versi√≥n del Documento:} 1.1}
? 
! Undefined control sequence.
l.64         {\large {\bfseries
                                Versi√≥n del Documento:} 1.1}
? 
Missing character: There is no √ in font cmr10!
Missing character: There is no ≥ in font cmr10!
[1{C:/Users/caleb/AppData/Local/MiKTeX/fonts/map/pdftex/pdftex.map}] )<C:/Users
/caleb/AppData/Local/Programs/MiKTeX/fonts/type1/public/amsfonts/cm/cmr10.pfb>
Output written on walkthrough.pdf (1 page, 22581 bytes).
PDF statistics:
 10 PDF objects out of 1000 (max. 8388607)
 0 named destinations out of 1000 (max. 500000)
 1 words of extra memory for PDF output out of 10000 (max. 10000000)

